<?xml version="1.0" encoding="UTF-8"?>
<robot generator="Robot 6.0.2 (Python 3.11.1 on win32)" generated="20230125 16:14:46.383" rpa="false" schemaversion="3">
<suite id="s1" name="Add Employee Test" source="C:\Orange_automation\2__employe_suite\01__add_employee_test.robot">
<test id="s1-t1" name="Employee1_TC1" line="11">
<kw name="Launch Browser And Navigate To Url" library="Common_functionalities" type="SETUP">
<kw name="Open Browser" library="SeleniumLibrary">
<arg>browser=${BROWSER_NAME}</arg>
<doc>Opens a new browser instance to the optional ``url``.</doc>
<msg timestamp="20230125 16:14:50.030" level="INFO">Opening browser 'chrome' to base url 'None'.</msg>
<status status="PASS" starttime="20230125 16:14:50.030" endtime="20230125 16:14:54.346"/>
</kw>
<kw name="Maximize Browser Window" library="SeleniumLibrary">
<doc>Maximizes current browser window.</doc>
<status status="PASS" starttime="20230125 16:14:54.347" endtime="20230125 16:14:54.494"/>
</kw>
<kw name="Set Selenium Implicit Wait" library="SeleniumLibrary">
<arg>20s</arg>
<doc>Sets the implicit wait value used by Selenium.</doc>
<status status="PASS" starttime="20230125 16:14:54.494" endtime="20230125 16:14:54.501"/>
</kw>
<kw name="Go To" library="SeleniumLibrary">
<arg>url=${URL}</arg>
<doc>Navigates the current browser window to the provided ``url``.</doc>
<msg timestamp="20230125 16:14:54.501" level="INFO">Opening url 'https://opensource-demo.orangehrmlive.com/'</msg>
<status status="PASS" starttime="20230125 16:14:54.501" endtime="20230125 16:15:05.078"/>
</kw>
<status status="PASS" starttime="20230125 16:14:50.030" endtime="20230125 16:15:05.078"/>
</kw>
<kw name="Add Valid Employee Test">
<arg>Admin</arg>
<arg>admin123</arg>
<arg>john</arg>
<arg>j</arg>
<arg>ken</arg>
<arg>john ken</arg>
<arg>john</arg>
<kw name="Input Text" library="SeleniumLibrary">
<arg>name=username</arg>
<arg>${username}</arg>
<doc>Types the given ``text`` into the text field identified by ``locator``.</doc>
<msg timestamp="20230125 16:15:05.085" level="INFO">Typing text 'Admin' into text field 'name=username'.</msg>
<status status="PASS" starttime="20230125 16:15:05.083" endtime="20230125 16:15:06.506"/>
</kw>
<kw name="Input Text" library="SeleniumLibrary">
<arg>name=password</arg>
<arg>${password}</arg>
<doc>Types the given ``text`` into the text field identified by ``locator``.</doc>
<msg timestamp="20230125 16:15:06.508" level="INFO">Typing text 'admin123' into text field 'name=password'.</msg>
<status status="PASS" starttime="20230125 16:15:06.506" endtime="20230125 16:15:06.673"/>
</kw>
<kw name="Click Element" library="SeleniumLibrary">
<arg>xpath=//button[@class='oxd-button oxd-button--medium oxd-button--main orangehrm-login-button']</arg>
<doc>Click the element identified by ``locator``.</doc>
<msg timestamp="20230125 16:15:06.673" level="INFO">Clicking element 'xpath=//button[@class='oxd-button oxd-button--medium oxd-button--main orangehrm-login-button']'.</msg>
<status status="PASS" starttime="20230125 16:15:06.673" endtime="20230125 16:15:06.789"/>
</kw>
<kw name="Click Element" library="SeleniumLibrary">
<arg>xpath=(//span[@class='oxd-text oxd-text--span oxd-main-menu-item--name'])[2]</arg>
<doc>Click the element identified by ``locator``.</doc>
<msg timestamp="20230125 16:15:06.792" level="INFO">Clicking element 'xpath=(//span[@class='oxd-text oxd-text--span oxd-main-menu-item--name'])[2]'.</msg>
<status status="PASS" starttime="20230125 16:15:06.790" endtime="20230125 16:15:12.592"/>
</kw>
<kw name="Click Element" library="SeleniumLibrary">
<arg>xpath=(//a[@class='oxd-topbar-body-nav-tab-item'])[2]</arg>
<doc>Click the element identified by ``locator``.</doc>
<msg timestamp="20230125 16:15:12.595" level="INFO">Clicking element 'xpath=(//a[@class='oxd-topbar-body-nav-tab-item'])[2]'.</msg>
<status status="PASS" starttime="20230125 16:15:12.593" endtime="20230125 16:15:16.056"/>
</kw>
<kw name="Input Text" library="SeleniumLibrary">
<arg>name=firstName</arg>
<arg>${first_name}</arg>
<doc>Types the given ``text`` into the text field identified by ``locator``.</doc>
<msg timestamp="20230125 16:15:16.060" level="INFO">Typing text 'john' into text field 'name=firstName'.</msg>
<status status="PASS" starttime="20230125 16:15:16.058" endtime="20230125 16:15:17.055"/>
</kw>
<kw name="Input Text" library="SeleniumLibrary">
<arg>name=middleName</arg>
<arg>${middle_name}</arg>
<doc>Types the given ``text`` into the text field identified by ``locator``.</doc>
<msg timestamp="20230125 16:15:17.057" level="INFO">Typing text 'j' into text field 'name=middleName'.</msg>
<status status="PASS" starttime="20230125 16:15:17.055" endtime="20230125 16:15:17.192"/>
</kw>
<kw name="Input Text" library="SeleniumLibrary">
<arg>name=lastName</arg>
<arg>${last_name}</arg>
<doc>Types the given ``text`` into the text field identified by ``locator``.</doc>
<msg timestamp="20230125 16:15:17.193" level="INFO">Typing text 'ken' into text field 'name=lastName'.</msg>
<status status="PASS" starttime="20230125 16:15:17.192" endtime="20230125 16:15:17.332"/>
</kw>
<kw name="Sleep" library="BuiltIn">
<arg>10s</arg>
<doc>Pauses the test executed for the given time.</doc>
<msg timestamp="20230125 16:15:27.335" level="INFO">Slept 10 seconds</msg>
<status status="PASS" starttime="20230125 16:15:17.333" endtime="20230125 16:15:27.336"/>
</kw>
<kw name="Click Button" library="SeleniumLibrary">
<arg>xpath=//button[@class='oxd-button oxd-button--medium oxd-button--secondary orangehrm-left-space']</arg>
<doc>Clicks the button identified by ``locator``.</doc>
<msg timestamp="20230125 16:15:27.339" level="INFO">Clicking button 'xpath=//button[@class='oxd-button oxd-button--medium oxd-button--secondary orangehrm-left-space']'.</msg>
<status status="PASS" starttime="20230125 16:15:27.337" endtime="20230125 16:15:27.467"/>
</kw>
<kw name="Wait Until Page Contains" library="SeleniumLibrary">
<arg>${expected_value1}</arg>
<doc>Waits until ``text`` appears on the current page.</doc>
<status status="PASS" starttime="20230125 16:15:27.468" endtime="20230125 16:15:33.015"/>
</kw>
<kw name="Element Should Contain" library="SeleniumLibrary">
<arg>xpath=//h6[@class='oxd-text oxd-text--h6 --strong']</arg>
<arg>${expected_value1}</arg>
<doc>Verifies that element ``locator`` contains text ``expected``.</doc>
<msg timestamp="20230125 16:15:33.065" level="INFO">Element 'xpath=//h6[@class='oxd-text oxd-text--h6 --strong']' contains text 'john ken'.</msg>
<status status="PASS" starttime="20230125 16:15:33.015" endtime="20230125 16:15:33.065"/>
</kw>
<kw name="Element Attribute Value Should Be" library="SeleniumLibrary">
<arg>name=firstName</arg>
<arg>value</arg>
<arg>${expected_value2}</arg>
<doc>Verifies element identified by ``locator`` contains expected attribute value.</doc>
<msg timestamp="20230125 16:15:33.119" level="INFO">Element 'name=firstName' attribute 'value' contains value 'john'.</msg>
<status status="PASS" starttime="20230125 16:15:33.065" endtime="20230125 16:15:33.121"/>
</kw>
<status status="PASS" starttime="20230125 16:15:05.081" endtime="20230125 16:15:33.122"/>
</kw>
<kw name="Close Browser" library="SeleniumLibrary" type="TEARDOWN">
<doc>Closes the current browser.</doc>
<status status="PASS" starttime="20230125 16:15:33.122" endtime="20230125 16:15:35.476"/>
</kw>
<status status="PASS" starttime="20230125 16:14:50.022" endtime="20230125 16:15:35.478"/>
</test>
<test id="s1-t2" name="Employee1_TC2" line="11">
<kw name="Launch Browser And Navigate To Url" library="Common_functionalities" type="SETUP">
<kw name="Open Browser" library="SeleniumLibrary">
<arg>browser=${BROWSER_NAME}</arg>
<doc>Opens a new browser instance to the optional ``url``.</doc>
<msg timestamp="20230125 16:15:35.503" level="INFO">Opening browser 'chrome' to base url 'None'.</msg>
<status status="PASS" starttime="20230125 16:15:35.500" endtime="20230125 16:15:37.838"/>
</kw>
<kw name="Maximize Browser Window" library="SeleniumLibrary">
<doc>Maximizes current browser window.</doc>
<status status="PASS" starttime="20230125 16:15:37.838" endtime="20230125 16:15:37.964"/>
</kw>
<kw name="Set Selenium Implicit Wait" library="SeleniumLibrary">
<arg>20s</arg>
<doc>Sets the implicit wait value used by Selenium.</doc>
<status status="PASS" starttime="20230125 16:15:37.965" endtime="20230125 16:15:37.971"/>
</kw>
<kw name="Go To" library="SeleniumLibrary">
<arg>url=${URL}</arg>
<doc>Navigates the current browser window to the provided ``url``.</doc>
<msg timestamp="20230125 16:15:37.973" level="INFO">Opening url 'https://opensource-demo.orangehrmlive.com/'</msg>
<status status="PASS" starttime="20230125 16:15:37.971" endtime="20230125 16:15:44.625"/>
</kw>
<status status="PASS" starttime="20230125 16:15:35.500" endtime="20230125 16:15:44.626"/>
</kw>
<kw name="Add Valid Employee Test">
<arg>Admin</arg>
<arg>admin123</arg>
<arg>jassu</arg>
<arg>k</arg>
<arg>reddy</arg>
<arg>jassu reddy</arg>
<arg>jassu</arg>
<kw name="Input Text" library="SeleniumLibrary">
<arg>name=username</arg>
<arg>${username}</arg>
<doc>Types the given ``text`` into the text field identified by ``locator``.</doc>
<msg timestamp="20230125 16:15:44.626" level="INFO">Typing text 'Admin' into text field 'name=username'.</msg>
<status status="PASS" starttime="20230125 16:15:44.626" endtime="20230125 16:15:45.975"/>
</kw>
<kw name="Input Text" library="SeleniumLibrary">
<arg>name=password</arg>
<arg>${password}</arg>
<doc>Types the given ``text`` into the text field identified by ``locator``.</doc>
<msg timestamp="20230125 16:15:45.976" level="INFO">Typing text 'admin123' into text field 'name=password'.</msg>
<status status="PASS" starttime="20230125 16:15:45.975" endtime="20230125 16:15:46.138"/>
</kw>
<kw name="Click Element" library="SeleniumLibrary">
<arg>xpath=//button[@class='oxd-button oxd-button--medium oxd-button--main orangehrm-login-button']</arg>
<doc>Click the element identified by ``locator``.</doc>
<msg timestamp="20230125 16:15:46.139" level="INFO">Clicking element 'xpath=//button[@class='oxd-button oxd-button--medium oxd-button--main orangehrm-login-button']'.</msg>
<status status="PASS" starttime="20230125 16:15:46.138" endtime="20230125 16:15:46.264"/>
</kw>
<kw name="Click Element" library="SeleniumLibrary">
<arg>xpath=(//span[@class='oxd-text oxd-text--span oxd-main-menu-item--name'])[2]</arg>
<doc>Click the element identified by ``locator``.</doc>
<msg timestamp="20230125 16:15:46.266" level="INFO">Clicking element 'xpath=(//span[@class='oxd-text oxd-text--span oxd-main-menu-item--name'])[2]'.</msg>
<status status="PASS" starttime="20230125 16:15:46.265" endtime="20230125 16:15:49.873"/>
</kw>
<kw name="Click Element" library="SeleniumLibrary">
<arg>xpath=(//a[@class='oxd-topbar-body-nav-tab-item'])[2]</arg>
<doc>Click the element identified by ``locator``.</doc>
<msg timestamp="20230125 16:15:49.876" level="INFO">Clicking element 'xpath=(//a[@class='oxd-topbar-body-nav-tab-item'])[2]'.</msg>
<status status="PASS" starttime="20230125 16:15:49.875" endtime="20230125 16:15:51.469"/>
</kw>
<kw name="Input Text" library="SeleniumLibrary">
<arg>name=firstName</arg>
<arg>${first_name}</arg>
<doc>Types the given ``text`` into the text field identified by ``locator``.</doc>
<msg timestamp="20230125 16:15:51.474" level="INFO">Typing text 'jassu' into text field 'name=firstName'.</msg>
<status status="PASS" starttime="20230125 16:15:51.469" endtime="20230125 16:15:52.488"/>
</kw>
<kw name="Input Text" library="SeleniumLibrary">
<arg>name=middleName</arg>
<arg>${middle_name}</arg>
<doc>Types the given ``text`` into the text field identified by ``locator``.</doc>
<msg timestamp="20230125 16:15:52.492" level="INFO">Typing text 'k' into text field 'name=middleName'.</msg>
<status status="PASS" starttime="20230125 16:15:52.488" endtime="20230125 16:15:52.625"/>
</kw>
<kw name="Input Text" library="SeleniumLibrary">
<arg>name=lastName</arg>
<arg>${last_name}</arg>
<doc>Types the given ``text`` into the text field identified by ``locator``.</doc>
<msg timestamp="20230125 16:15:52.628" level="INFO">Typing text 'reddy' into text field 'name=lastName'.</msg>
<status status="PASS" starttime="20230125 16:15:52.626" endtime="20230125 16:15:52.773"/>
</kw>
<kw name="Sleep" library="BuiltIn">
<arg>10s</arg>
<doc>Pauses the test executed for the given time.</doc>
<msg timestamp="20230125 16:16:02.775" level="INFO">Slept 10 seconds</msg>
<status status="PASS" starttime="20230125 16:15:52.774" endtime="20230125 16:16:02.776"/>
</kw>
<kw name="Click Button" library="SeleniumLibrary">
<arg>xpath=//button[@class='oxd-button oxd-button--medium oxd-button--secondary orangehrm-left-space']</arg>
<doc>Clicks the button identified by ``locator``.</doc>
<msg timestamp="20230125 16:16:02.779" level="INFO">Clicking button 'xpath=//button[@class='oxd-button oxd-button--medium oxd-button--secondary orangehrm-left-space']'.</msg>
<status status="PASS" starttime="20230125 16:16:02.777" endtime="20230125 16:16:02.912"/>
</kw>
<kw name="Wait Until Page Contains" library="SeleniumLibrary">
<arg>${expected_value1}</arg>
<doc>Waits until ``text`` appears on the current page.</doc>
<status status="PASS" starttime="20230125 16:16:02.913" endtime="20230125 16:16:09.148"/>
</kw>
<kw name="Element Should Contain" library="SeleniumLibrary">
<arg>xpath=//h6[@class='oxd-text oxd-text--h6 --strong']</arg>
<arg>${expected_value1}</arg>
<doc>Verifies that element ``locator`` contains text ``expected``.</doc>
<msg timestamp="20230125 16:16:09.200" level="INFO">Element 'xpath=//h6[@class='oxd-text oxd-text--h6 --strong']' contains text 'jassu reddy'.</msg>
<status status="PASS" starttime="20230125 16:16:09.150" endtime="20230125 16:16:09.201"/>
</kw>
<kw name="Element Attribute Value Should Be" library="SeleniumLibrary">
<arg>name=firstName</arg>
<arg>value</arg>
<arg>${expected_value2}</arg>
<doc>Verifies element identified by ``locator`` contains expected attribute value.</doc>
<msg timestamp="20230125 16:16:09.242" level="INFO">Element 'name=firstName' attribute 'value' contains value 'jassu'.</msg>
<status status="PASS" starttime="20230125 16:16:09.201" endtime="20230125 16:16:09.242"/>
</kw>
<status status="PASS" starttime="20230125 16:15:44.626" endtime="20230125 16:16:09.244"/>
</kw>
<kw name="Close Browser" library="SeleniumLibrary" type="TEARDOWN">
<doc>Closes the current browser.</doc>
<status status="PASS" starttime="20230125 16:16:09.245" endtime="20230125 16:16:11.619"/>
</kw>
<status status="PASS" starttime="20230125 16:15:35.484" endtime="20230125 16:16:11.619"/>
</test>
<test id="s1-t3" name="Employee1_TC3" line="11">
<kw name="Launch Browser And Navigate To Url" library="Common_functionalities" type="SETUP">
<kw name="Open Browser" library="SeleniumLibrary">
<arg>browser=${BROWSER_NAME}</arg>
<doc>Opens a new browser instance to the optional ``url``.</doc>
<msg timestamp="20230125 16:16:11.624" level="INFO">Opening browser 'chrome' to base url 'None'.</msg>
<status status="PASS" starttime="20230125 16:16:11.624" endtime="20230125 16:16:14.428"/>
</kw>
<kw name="Maximize Browser Window" library="SeleniumLibrary">
<doc>Maximizes current browser window.</doc>
<status status="PASS" starttime="20230125 16:16:14.428" endtime="20230125 16:16:14.554"/>
</kw>
<kw name="Set Selenium Implicit Wait" library="SeleniumLibrary">
<arg>20s</arg>
<doc>Sets the implicit wait value used by Selenium.</doc>
<status status="PASS" starttime="20230125 16:16:14.555" endtime="20230125 16:16:14.561"/>
</kw>
<kw name="Go To" library="SeleniumLibrary">
<arg>url=${URL}</arg>
<doc>Navigates the current browser window to the provided ``url``.</doc>
<msg timestamp="20230125 16:16:14.565" level="INFO">Opening url 'https://opensource-demo.orangehrmlive.com/'</msg>
<msg timestamp="20230125 16:16:42.470" level="INFO" html="true">&lt;/td&gt;&lt;/tr&gt;&lt;tr&gt;&lt;td colspan="3"&gt;&lt;a href="selenium-screenshot-18.png"&gt;&lt;img src="selenium-screenshot-18.png" width="800px"&gt;&lt;/a&gt;</msg>
<msg timestamp="20230125 16:16:42.478" level="FAIL">WebDriverException: Message: unknown error: net::ERR_NAME_NOT_RESOLVED
  (Session info: chrome=109.0.5414.75)
Stacktrace:
Backtrace:
	(No symbol) [0x00846643]
	(No symbol) [0x007DBE21]
	(No symbol) [0x006DDA9D]
	(No symbol) [0x006D9E22]
	(No symbol) [0x006CFCFD]
	(No symbol) [0x006D1101]
	(No symbol) [0x006CFFDD]
	(No symbol) [0x006CF3BC]
	(No symbol) [0x006CF2D8]
	(No symbol) [0x006CDC68]
	(No symbol) [0x006CE512]
	(No symbol) [0x006DF75B]
	(No symbol) [0x00747727]
	(No symbol) [0x0072FD7C]
	(No symbol) [0x00746B09]
	(No symbol) [0x0072FB76]
	(No symbol) [0x007049C1]
	(No symbol) [0x00705E5D]
	GetHandleVerifier [0x00ABA142+2497106]
	GetHandleVerifier [0x00AE85D3+2686691]
	GetHandleVerifier [0x00AEBB9C+2700460]
	GetHandleVerifier [0x008F3B10+635936]
	(No symbol) [0x007E4A1F]
	(No symbol) [0x007EA418]
	(No symbol) [0x007EA505]
	(No symbol) [0x007F508B]
	BaseThreadInitThunk [0x7536FEF9+25]
	RtlGetAppContainerNamedObjectPath [0x772D7BBE+286]
	RtlGetAppContainerNamedObjectPath [0x772D7B8E+238]
</msg>
<status status="FAIL" starttime="20230125 16:16:14.561" endtime="20230125 16:16:42.542"/>
</kw>
<status status="FAIL" starttime="20230125 16:16:11.622" endtime="20230125 16:16:42.548"/>
</kw>
<kw name="Close Browser" library="SeleniumLibrary" type="TEARDOWN">
<doc>Closes the current browser.</doc>
<status status="PASS" starttime="20230125 16:16:42.548" endtime="20230125 16:16:44.841"/>
</kw>
<status status="FAIL" starttime="20230125 16:16:11.620" endtime="20230125 16:16:44.842">Setup failed:
WebDriverException: Message: unknown error: net::ERR_NAME_NOT_RESOLVED
  (Session info: chrome=109.0.5414.75)
Stacktrace:
Backtrace:
	(No symbol) [0x00846643]
	(No symbol) [0x007DBE21]
	(No symbol) [0x006DDA9D]
	(No symbol) [0x006D9E22]
	(No symbol) [0x006CFCFD]
	(No symbol) [0x006D1101]
	(No symbol) [0x006CFFDD]
	(No symbol) [0x006CF3BC]
	(No symbol) [0x006CF2D8]
	(No symbol) [0x006CDC68]
	(No symbol) [0x006CE512]
	(No symbol) [0x006DF75B]
	(No symbol) [0x00747727]
	(No symbol) [0x0072FD7C]
	(No symbol) [0x00746B09]
	(No symbol) [0x0072FB76]
	(No symbol) [0x007049C1]
	(No symbol) [0x00705E5D]
	GetHandleVerifier [0x00ABA142+2497106]
	GetHandleVerifier [0x00AE85D3+2686691]
	GetHandleVerifier [0x00AEBB9C+2700460]
	GetHandleVerifier [0x008F3B10+635936]
	(No symbol) [0x007E4A1F]
	(No symbol) [0x007EA418]
	(No symbol) [0x007EA505]
	(No symbol) [0x007F508B]
	BaseThreadInitThunk [0x7536FEF9+25]
	RtlGetAppContainerNamedObjectPath [0x772D7BBE+286]
	RtlGetAppContainerNamedObjectPath [0x772D7B8E+238]
</status>
</test>
<doc>This file contains test cases for add valid employee
records</doc>
<status status="FAIL" starttime="20230125 16:14:46.388" endtime="20230125 16:16:44.852"/>
</suite>
<statistics>
<total>
<stat pass="2" fail="1" skip="0">All Tests</stat>
</total>
<tag>
</tag>
<suite>
<stat pass="2" fail="1" skip="0" id="s1" name="Add Employee Test">Add Employee Test</stat>
</suite>
</statistics>
<errors>
</errors>
</robot>
